<?xml version="1.0" encoding="UTF-8"?>
<!-- Generated by org.testng.reporters.JUnitReportReporter -->
<testsuite hostname="DeeshaST123" failures="0" tests="5" name="TestCases.TC_videoGameAPI" time="2.033" errors="0" timestamp="2023-07-04T11:39:57 IST" skipped="0">
  <testcase classname="TestCases.TC_videoGameAPI" name="test_getAllVideoGames" time="1.131"/>
  <system-out/>
  <testcase classname="TestCases.TC_videoGameAPI" name="test_addNewVideoGame" time="0.387"/>
  <system-out/>
  <testcase classname="TestCases.TC_videoGameAPI" name="test_getVideoGame" time="0.456"/>
  <system-out/>
  <testcase classname="TestCases.TC_videoGameAPI" name="test_updateVideoGame" time="0.045"/>
  <system-out/>
  <testcase classname="TestCases.TC_videoGameAPI" name="test_deleteVideoGame" time="0.014"/>
  <system-out/>
</testsuite> <!-- TestCases.TC_videoGameAPI -->
