<?xml version="1.0" encoding="UTF-8"?>
<!-- Generated by org.testng.reporters.JUnitReportReporter -->
<testsuite hostname="DeeshaST123" failures="0" tests="5" name="TestCases.TC_videoGameAPI" time="1.984" errors="0" timestamp="2023-07-04T12:03:18 IST" skipped="0">
  <testcase classname="TestCases.TC_videoGameAPI" name="test_getAllVideoGames" time="1.063"/>
  <system-out/>
  <testcase classname="TestCases.TC_videoGameAPI" name="test_addNewVideoGame" time="0.377"/>
  <system-out/>
  <testcase classname="TestCases.TC_videoGameAPI" name="test_getVideoGame" time="0.470"/>
  <system-out/>
  <testcase classname="TestCases.TC_videoGameAPI" name="test_updateVideoGame" time="0.058"/>
  <system-out/>
  <testcase classname="TestCases.TC_videoGameAPI" name="test_deleteVideoGame" time="0.016"/>
  <system-out/>
</testsuite> <!-- TestCases.TC_videoGameAPI -->
